Start testing: Aug 11 20:02 UTC
----------------------------------------------------------
1/7 Testing: QAUTests
1/7 Test: QAUTests
Command: "/home/ubuntu/Quantum-Computing/cpp_engine/build/qau_tests"
Directory: /home/ubuntu/Quantum-Computing/cpp_engine/build
"QAUTests" start time: Aug 11 20:02 UTC
Output:
----------------------------------------------------------
=== QAU C++ Engine Phase 1 Test Suite ===
Running C++ Superposition Test...
Superposition test passed.
Running C++ Interference (RPW) Test...
Interference test passed.
Running C++ Entanglement (NCB / Bell State) Test...
Entanglement test passed with Bell state amplitudes verified.
Running C++ Collapse Test...
Collapse test passed with result: (0)
=== All C++ Phase 1 Tests Passed Successfully! ===
<end of output>
Test time =   0.00 sec
----------------------------------------------------------
Test Passed.
"QAUTests" end time: Aug 11 20:02 UTC
"QAUTests" time elapsed: 00:00:00
----------------------------------------------------------

2/7 Testing: Phase2Tests
2/7 Test: Phase2Tests
Command: "/home/ubuntu/Quantum-Computing/cpp_engine/build/phase2_tests"
Directory: /home/ubuntu/Quantum-Computing/cpp_engine/build
"Phase2Tests" start time: Aug 11 20:02 UTC
Output:
----------------------------------------------------------
=== QAU C++ Engine Phase 2 Evaluation Harness ===
Running MPS Scalability Test (30 Qubits)...
MPS Scalability Test passed successfully.
Running Tensor Contraction Path Optimizer Test...
Contraction Path Optimizer Test passed with 2 contraction steps.
Running Sparse Engine Scalability Benchmark...
Sparse superposition of 64 states across 10 qubits initialized in 0.02705 ms.
Sparse scalability benchmark passed.
=== All Phase 2 Evaluation Harness Tests Passed with 100% Success! ===
<end of output>
Test time =   0.00 sec
----------------------------------------------------------
Test Passed.
"Phase2Tests" end time: Aug 11 20:02 UTC
"Phase2Tests" time elapsed: 00:00:00
----------------------------------------------------------

3/7 Testing: Phase3Tests
3/7 Test: Phase3Tests
Command: "/home/ubuntu/Quantum-Computing/cpp_engine/build/phase3_tests"
Directory: /home/ubuntu/Quantum-Computing/cpp_engine/build
"Phase3Tests" start time: Aug 11 20:02 UTC
Output:
----------------------------------------------------------
=== QAU C++ Engine Phase 3 Performance Harness ===
Running SIMD Phase Rotation Benchmark...
Rotated 4194304 states in 2.23331 ms.
SIMD Phase Rotation Test: GREEN
Running Parallel Dot Product Benchmark...
Computed dot product of 4194304 elements in 2.17397 ms.
Parallel Dot Product Test: GREEN
=== All Phase 3 Performance Tests: ULTIMATE GREEN SUCCESS! ===
<end of output>
Test time =   0.08 sec
----------------------------------------------------------
Test Passed.
"Phase3Tests" end time: Aug 11 20:02 UTC
"Phase3Tests" time elapsed: 00:00:00
----------------------------------------------------------

4/7 Testing: EventHorizonPhase3Tests
4/7 Test: EventHorizonPhase3Tests
Command: "/home/ubuntu/Quantum-Computing/cpp_engine/build/event_horizon_phase3_tests"
Directory: /home/ubuntu/Quantum-Computing/cpp_engine/build
"EventHorizonPhase3Tests" start time: Aug 11 20:02 UTC
Output:
----------------------------------------------------------
=== Project Event Horizon — Phase III Validation Harness ===
Model status: finite unitary-circuit toy model; not an astrophysical black-hole solver.
[1/5] Unitary reversibility and deterministic seeded circuits...
[2/5] Exact OTOC baseline and operator-spreading diagnostics...
[3/5] Analytic reduced-density and entropy cases...
[4/5] Closed-unitary evaporation toy model and Page-like entropy curve...
    radiation entropy: 0.000000 0.661147 1.275771 1.606783 1.322868 0.666302 0.000000 
[5/5] Page-curve reproducibility...
=== Phase III harness: ALL TESTS GREEN ===
<end of output>
Test time =   0.00 sec
----------------------------------------------------------
Test Passed.
"EventHorizonPhase3Tests" end time: Aug 11 20:02 UTC
"EventHorizonPhase3Tests" time elapsed: 00:00:00
----------------------------------------------------------

5/7 Testing: EventHorizonPhase4Tests
5/7 Test: EventHorizonPhase4Tests
Command: "/home/ubuntu/Quantum-Computing/cpp_engine/build/event_horizon_phase4_tests"
Directory: /home/ubuntu/Quantum-Computing/cpp_engine/build
"EventHorizonPhase4Tests" start time: Aug 11 20:02 UTC
Output:
----------------------------------------------------------
=== Project Event Horizon — Phase IV Validation Harness ===
Model status: a discrete spatial-geometry backreaction toy model, not full general relativity.
[1/5] Flat triangulated-geometry curvature baseline...
[2/5] Localized matter source and bounded backreaction...
[3/5] Deterministic geometry trajectory...
[4/5] Zero-source fixed-point evolution...
[5/5] Parameter and metric safety checks...
=== Phase IV harness: ALL TESTS GREEN ===
<end of output>
Test time =   0.05 sec
----------------------------------------------------------
Test Passed.
"EventHorizonPhase4Tests" end time: Aug 11 20:02 UTC
"EventHorizonPhase4Tests" time elapsed: 00:00:00
----------------------------------------------------------

6/7 Testing: EventHorizonPhase3PythonIntegration
6/7 Test: EventHorizonPhase3PythonIntegration
Command: "/usr/bin/python3" "/home/ubuntu/Quantum-Computing/cpp_engine/tests/phase3_visualization.py"
Directory: /home/ubuntu/Quantum-Computing/cpp_engine/build
"EventHorizonPhase3PythonIntegration" start time: Aug 11 20:02 UTC
Output:
----------------------------------------------------------
findfont: Failed to find font weight bold, now using 400.
findfont: Failed to find font weight bold, now using 400.
findfont: Failed to find font weight bold, now using 400.
findfont: Failed to find font weight bold, now using 400.
=== Project Event Horizon — Phase III Python Integration Harness ===
OTOC commutator diagnostics: [0.0, 0.0, 0.0, 0.640757, 0.200627, 2.521555, 1.18573, 2.271407, 2.62732]
Page-curve radiation entropy: [0.0, 0.661147, 1.275771, 1.606783, 1.322868, 0.666302, 0.0]
Python integration and visualization harness: ALL TESTS GREEN
<end of output>
Test time =   3.05 sec
----------------------------------------------------------
Test Passed.
"EventHorizonPhase3PythonIntegration" end time: Aug 11 20:02 UTC
"EventHorizonPhase3PythonIntegration" time elapsed: 00:00:03
----------------------------------------------------------

7/7 Testing: EventHorizonPhase4PythonIntegration
7/7 Test: EventHorizonPhase4PythonIntegration
Command: "/usr/bin/python3" "/home/ubuntu/Quantum-Computing/cpp_engine/tests/phase4_visualization.py"
Directory: /home/ubuntu/Quantum-Computing/cpp_engine/build
"EventHorizonPhase4PythonIntegration" start time: Aug 11 20:02 UTC
Output:
----------------------------------------------------------
findfont: Failed to find font weight bold, now using 400.
findfont: Failed to find font weight bold, now using 400.
findfont: Failed to find font weight bold, now using 400.
findfont: Failed to find font weight bold, now using 400.
=== Project Event Horizon — Phase IV Python Integration Harness ===
Initial total edge length: 234.50966799
Final total edge length: 224.50157187
Final mean absolute curvature: 0.09625674
Final mean transport curvature: 0.05042741
Phase IV Python integration harness: ALL TESTS GREEN
<end of output>
Test time =   3.17 sec
----------------------------------------------------------
Test Passed.
"EventHorizonPhase4PythonIntegration" end time: Aug 11 20:02 UTC
"EventHorizonPhase4PythonIntegration" time elapsed: 00:00:03
----------------------------------------------------------

End testing: Aug 11 20:02 UTC
